2026-02-20 12:41:07 INFO  BaseClass:41 - Browser launched: chrome
2026-02-20 12:41:07 INFO  BaseClass:42 - Navigated to URL: https://opensource-demo.orangehrmlive.com/web/index.php/auth/login
2026-02-20 12:41:07 INFO  BaseClass:43 - ExtentTest created for: testValidLogin
2026-02-20 12:41:07 INFO  LogHelper:13 - ===== Starting Login Test ======
2026-02-20 12:41:07 INFO  LogHelper:13 - Entering email
2026-02-20 12:41:12 INFO  LogHelper:13 - Entering password
2026-02-20 12:41:15 INFO  LogHelper:13 - Clicking login button
2026-02-20 12:41:23 INFO  LogHelper:13 - Login successful, Time At Work verified
2026-02-20 12:41:23 INFO  LogHelper:13 - ===== Login Test Completed =====
2026-02-20 12:41:23 INFO  BaseClass:49 - ===== Test Teardown Started =====
2026-02-20 12:41:23 INFO  BaseClass:53 - Browser closed successfully
2026-02-20 12:41:23 INFO  BaseClass:59 - Extent Reports flushed
2026-02-20 12:41:23 INFO  BaseClass:24 - ===== Test Setup Started =====
2026-02-20 12:41:32 INFO  BaseClass:41 - Browser launched: chrome
2026-02-20 12:41:32 INFO  BaseClass:42 - Navigated to URL: https://opensource-demo.orangehrmlive.com/web/index.php/auth/login
2026-02-20 12:41:32 INFO  BaseClass:43 - ExtentTest created for: testValidLogoutHRM
2026-02-20 12:41:32 INFO  LogHelper:13 - ====== Starting Logout Test ======
2026-02-20 12:41:32 INFO  LogHelper:13 - Entering email
2026-02-20 12:41:39 INFO  LogHelper:13 - Entering password.
2026-02-20 12:41:42 INFO  LogHelper:13 - Clicking login button
2026-02-20 12:41:45 INFO  LogHelper:13 - Clicking profile tab
2026-02-20 12:41:49 INFO  LogHelper:13 - Clicking signout tab
2026-02-20 12:41:53 INFO  LogHelper:13 - Logout successful, user signed out
2026-02-20 12:41:53 INFO  LogHelper:13 - ===== Logout Test Completed =====
2026-02-20 12:41:53 INFO  BaseClass:49 - ===== Test Teardown Started =====
2026-02-20 12:41:54 INFO  BaseClass:53 - Browser closed successfully
2026-02-20 12:41:54 INFO  BaseClass:59 - Extent Reports flushed
2026-02-20 12:41:54 INFO  BaseClassAK:23 - ======== Test Setup Started ========
