2026-02-21 22:14:06 INFO  BaseClass:21 - ===== Test Setup Started =====
2026-02-21 22:14:06 INFO  BaseClass:21 - ===== Test Setup Started =====
2026-02-21 22:14:06 INFO  BaseClassAK:23 - ======== Test Setup Started ========
2026-02-21 22:14:13 INFO  BaseClassAK:40 - Browser launched: null
2026-02-21 22:14:13 INFO  BaseClassAK:41 - Navigated to URL: https://signup.heroku.com/login
2026-02-21 22:14:13 INFO  BaseClassAK:42 - ExtentTest create for: TestLogin
2026-02-21 22:14:13 INFO  LogHelper:13 - ===== Starting Login Test =====
2026-02-21 22:14:13 INFO  LogHelper:13 - Entering first name
2026-02-21 22:14:13 INFO  LogHelper:13 - Entering Last name
2026-02-21 22:14:13 INFO  LogHelper:13 - Entering email address
2026-02-21 22:14:14 INFO  LogHelper:13 - Entering company
2026-02-21 22:14:14 INFO  LogHelper:13 - Entering region
2026-02-21 22:14:15 INFO  BaseClass:36 - Browser launched: chrome
2026-02-21 22:14:15 INFO  BaseClass:37 - Navigated to URL: https://opensource-demo.orangehrmlive.com/web/index.php/auth/login
2026-02-21 22:14:15 INFO  BaseClass:38 - ExtentTest created for: testValidLogin
2026-02-21 22:14:15 INFO  LogHelper:13 - ===== Starting Login Test ======
2026-02-21 22:14:15 INFO  LogHelper:13 - Entering email
2026-02-21 22:14:16 INFO  LogHelper:13 - Signup successful
2026-02-21 22:14:16 INFO  LogHelper:13 - ===== Login Test Completed =====
2026-02-21 22:14:16 INFO  BaseClassAK:47 - ===== Teardown Started =====
2026-02-21 22:14:16 INFO  BaseClassAK:51 - Browser closed successfully
2026-02-21 22:14:16 INFO  BaseClass:36 - Browser launched: chrome
2026-02-21 22:14:16 INFO  BaseClass:37 - Navigated to URL: https://opensource-demo.orangehrmlive.com/web/index.php/auth/login
2026-02-21 22:14:16 INFO  BaseClass:38 - ExtentTest created for: testValidLogoutHRM
2026-02-21 22:14:16 INFO  LogHelper:13 - ====== Starting Logout Test ======
2026-02-21 22:14:16 INFO  LogHelper:13 - Entering email
2026-02-21 22:14:17 INFO  BaseClassAK:58 - Extent Reports flushed
2026-02-21 22:14:19 INFO  LogHelper:13 - Entering password
2026-02-21 22:14:20 INFO  LogHelper:13 - Entering password.
2026-02-21 22:14:22 INFO  LogHelper:13 - Clicking login button
2026-02-21 22:14:24 INFO  LogHelper:13 - Clicking login button
2026-02-21 22:14:25 INFO  LogHelper:13 - Login successful, Time At Work verified
2026-02-21 22:14:25 INFO  LogHelper:13 - ===== Login Test Completed =====
2026-02-21 22:14:26 INFO  BaseClass:43 - ===== Test Teardown Started =====
2026-02-21 22:14:26 INFO  BaseClass:47 - Browser closed successfully
2026-02-21 22:14:29 INFO  LogHelper:13 - Clicking profile tab
2026-02-21 22:14:32 INFO  LogHelper:13 - Clicking signout tab
2026-02-21 22:14:36 INFO  LogHelper:13 - Logout successful, user signed out
2026-02-21 22:14:36 INFO  LogHelper:13 - ===== Logout Test Completed =====
2026-02-21 22:14:36 INFO  BaseClass:43 - ===== Test Teardown Started =====
2026-02-21 22:14:37 INFO  BaseClass:47 - Browser closed successfully
2026-02-21 22:14:37 INFO  BaseClass:60 - Extent Reports flushed
