2026-02-20 16:21:07 INFO  BaseClass:38 - Browser launched: chrome
2026-02-20 16:21:07 INFO  BaseClass:39 - Navigated to URL: https://opensource-demo.orangehrmlive.com/web/index.php/auth/login
2026-02-20 16:21:07 INFO  BaseClass:40 - ExtentTest created for: testValidLogoutHRM
2026-02-20 16:21:07 INFO  LogHelper:13 - ====== Starting Logout Test ======
2026-02-20 16:21:07 INFO  LogHelper:13 - Entering email
2026-02-20 16:21:13 INFO  LogHelper:13 - Entering password.
2026-02-20 16:21:16 INFO  LogHelper:13 - Clicking login button
2026-02-20 16:21:19 INFO  LogHelper:13 - Clicking profile tab
2026-02-20 16:21:24 INFO  LogHelper:13 - Clicking signout tab
2026-02-20 16:21:30 INFO  LogHelper:13 - Logout successful, user signed out
2026-02-20 16:21:30 INFO  LogHelper:13 - ===== Logout Test Completed =====
2026-02-20 16:21:30 INFO  BaseClass:45 - ===== Test Teardown Started =====
2026-02-20 16:21:30 INFO  BaseClass:49 - Browser closed successfully
2026-02-20 16:21:30 INFO  BaseClassAK:23 - ======== Test Setup Started ========
2026-02-20 16:21:34 INFO  BaseClassAK:40 - Browser launched: null
2026-02-20 16:21:34 INFO  BaseClassAK:41 - Navigated to URL: https://signup.heroku.com/login
2026-02-20 16:21:34 INFO  BaseClassAK:42 - ExtentTest create for: TestLogin
2026-02-20 16:21:36 INFO  BaseClassAK:47 - ===== Teardown Started =====
2026-02-20 16:21:37 INFO  BaseClassAK:51 - Browser closed successfully
2026-02-20 16:21:37 INFO  BaseClassAK:58 - Extent Reports flushed
2026-02-20 16:21:37 INFO  BaseClass:64 - Extent Reports flushed
