2026-02-20 12:52:02 INFO  BaseClass:41 - Browser launched: chrome
2026-02-20 12:52:02 INFO  BaseClass:42 - Navigated to URL: https://opensource-demo.orangehrmlive.com/web/index.php/auth/login
2026-02-20 12:52:02 INFO  BaseClass:43 - ExtentTest created for: testValidLogoutHRM
2026-02-20 12:52:02 INFO  LogHelper:13 - ====== Starting Logout Test ======
2026-02-20 12:52:02 INFO  LogHelper:13 - Entering email
2026-02-20 12:52:06 INFO  LogHelper:13 - Entering password.
2026-02-20 12:52:09 INFO  LogHelper:13 - Clicking login button
2026-02-20 12:52:12 INFO  LogHelper:13 - Clicking profile tab
2026-02-20 12:52:15 INFO  LogHelper:13 - Clicking signout tab
2026-02-20 12:52:21 INFO  LogHelper:13 - Logout successful, user signed out
2026-02-20 12:52:21 INFO  LogHelper:13 - ===== Logout Test Completed =====
2026-02-20 12:52:21 INFO  BaseClass:49 - ===== Test Teardown Started =====
2026-02-20 12:52:22 INFO  BaseClass:53 - Browser closed successfully
2026-02-20 12:52:22 INFO  BaseClass:59 - Extent Reports flushed
2026-02-20 12:52:22 INFO  BaseClassAK:23 - ======== Test Setup Started ========
2026-02-20 12:52:25 INFO  BaseClassAK:40 - Browser launched: null
2026-02-20 12:52:25 INFO  BaseClassAK:41 - Navigated to URL: https://signup.heroku.com/login
2026-02-20 12:52:25 INFO  BaseClassAK:42 - ExtentTest create for: TestLogin
2026-02-20 12:52:27 INFO  BaseClassAK:47 - ===== Teardown Started =====
2026-02-20 12:52:27 INFO  BaseClassAK:51 - Browser closed successfully
2026-02-20 12:52:27 INFO  BaseClassAK:58 - Extent Reports flushed
